# JRE version: OpenJDK Runtime Environment (8.0_292-b10) (build 1.8.0_292-b10)
# Java VM: OpenJDK 64-Bit Server VM (25.292-b10 mixed mode windows-amd64 compressed oops)
Heap:
 PSYoungGen      total 76288K, used 48422K [0x00000000f5580000, 0x00000000fe000000, 0x0000000100000000)
  eden space 65536K, 66% used [0x00000000f5580000,0x00000000f7fe99b8,0x00000000f9580000)
  from space 10752K, 46% used [0x00000000f9580000,0x00000000f9a601d8,0x00000000fa000000)
  to   space 13312K, 0% used [0x00000000fd300000,0x00000000fd300000,0x00000000fe000000)
 ParOldGen       total 175104K, used 10081K [0x00000000e0000000, 0x00000000eab00000, 0x00000000f5580000)
  object space 175104K, 5% used [0x00000000e0000000,0x00000000e09d8488,0x00000000eab00000)
 Metaspace       used 30442K, capacity 31900K, committed 32256K, reserved 1077248K
  class space    used 4453K, capacity 4789K, committed 4864K, reserved 1048576K
GC Heap History (10 events):
Event: 14.613 GC heap before
{Heap before GC invocations=2 (full 0):
 PSYoungGen      total 76288K, used 71770K [0x00000000f5580000, 0x00000000faa80000, 0x0000000100000000)
  eden space 65536K, 100% used [0x00000000f5580000,0x00000000f9580000,0x00000000f9580000)
  from space 10752K, 57% used [0x00000000f9580000,0x00000000f9b96bb8,0x00000000fa000000)
  to   space 10752K, 0% used [0x00000000fa000000,0x00000000fa000000,0x00000000faa80000)
 ParOldGen       total 175104K, used 16K [0x00000000e0000000, 0x00000000eab00000, 0x00000000f5580000)
  object space 175104K, 0% used [0x00000000e0000000,0x00000000e0004000,0x00000000eab00000)
 Metaspace       used 13640K, capacity 14182K, committed 14336K, reserved 1060864K
  class space    used 1886K, capacity 2023K, committed 2048K, reserved 1048576K
Event: 14.638 GC heap after
Heap after GC invocations=2 (full 0):
 PSYoungGen      total 76288K, used 9183K [0x00000000f5580000, 0x00000000faa80000, 0x0000000100000000)
  eden space 65536K, 0% used [0x00000000f5580000,0x00000000f5580000,0x00000000f9580000)
  from space 10752K, 85% used [0x00000000fa000000,0x00000000fa8f7d10,0x00000000faa80000)
  to   space 10752K, 0% used [0x00000000f9580000,0x00000000f9580000,0x00000000fa000000)
 ParOldGen       total 175104K, used 24K [0x00000000e0000000, 0x00000000eab00000, 0x00000000f5580000)
  object space 175104K, 0% used [0x00000000e0000000,0x00000000e0006000,0x00000000eab00000)
 Metaspace       used 13640K, capacity 14182K, committed 14336K, reserved 1060864K
  class space    used 1886K, capacity 2023K, committed 2048K, reserved 1048576K
}
Event: 15.975 GC heap before
{Heap before GC invocations=3 (full 0):
 PSYoungGen      total 76288K, used 74719K [0x00000000f5580000, 0x00000000faa80000, 0x0000000100000000)
  eden space 65536K, 100% used [0x00000000f5580000,0x00000000f9580000,0x00000000f9580000)
  from space 10752K, 85% used [0x00000000fa000000,0x00000000fa8f7d10,0x00000000faa80000)
  to   space 10752K, 0% used [0x00000000f9580000,0x00000000f9580000,0x00000000fa000000)
 ParOldGen       total 175104K, used 24K [0x00000000e0000000, 0x00000000eab00000, 0x00000000f5580000)
  object space 175104K, 0% used [0x00000000e0000000,0x00000000e0006000,0x00000000eab00000)
 Metaspace       used 17865K, capacity 18536K, committed 18688K, reserved 1064960K
  class space    used 2579K, capacity 2758K, committed 2816K, reserved 1048576K
Event: 15.994 GC heap after
Heap after GC invocations=3 (full 0):
 PSYoungGen      total 76288K, used 10728K [0x00000000f5580000, 0x00000000faa80000, 0x0000000100000000)
  eden space 65536K, 0% used [0x00000000f5580000,0x00000000f5580000,0x00000000f9580000)
  from space 10752K, 99% used [0x00000000f9580000,0x00000000f9ffa090,0x00000000fa000000)
  to   space 10752K, 0% used [0x00000000fa000000,0x00000000fa000000,0x00000000faa80000)
 ParOldGen       total 175104K, used 173K [0x00000000e0000000, 0x00000000eab00000, 0x00000000f5580000)
  object space 175104K, 0% used [0x00000000e0000000,0x00000000e002b5c8,0x00000000eab00000)
 Metaspace       used 17865K, capacity 18536K, committed 18688K, reserved 1064960K
  class space    used 2579K, capacity 2758K, committed 2816K, reserved 1048576K
}
Event: 16.674 GC heap before
{Heap before GC invocations=4 (full 0):
 PSYoungGen      total 76288K, used 46717K [0x00000000f5580000, 0x00000000faa80000, 0x0000000100000000)
  eden space 65536K, 54% used [0x00000000f5580000,0x00000000f78a5700,0x00000000f9580000)
  from space 10752K, 99% used [0x00000000f9580000,0x00000000f9ffa090,0x00000000fa000000)
  to   space 10752K, 0% used [0x00000000fa000000,0x00000000fa000000,0x00000000faa80000)
 ParOldGen       total 175104K, used 173K [0x00000000e0000000, 0x00000000eab00000, 0x00000000f5580000)
  object space 175104K, 0% used [0x00000000e0000000,0x00000000e002b5c8,0x00000000eab00000)
 Metaspace       used 20412K, capacity 21282K, committed 21296K, reserved 1067008K
  class space    used 2988K, capacity 3187K, committed 3200K, reserved 1048576K
Event: 16.688 GC heap after
Heap after GC invocations=4 (full 0):
 PSYoungGen      total 76288K, used 10255K [0x00000000f5580000, 0x00000000fea80000, 0x0000000100000000)
  eden space 65536K, 0% used [0x00000000f5580000,0x00000000f5580000,0x00000000f9580000)
  from space 10752K, 95% used [0x00000000fa000000,0x00000000faa03d00,0x00000000faa80000)
  to   space 10752K, 0% used [0x00000000f9580000,0x00000000f9580000,0x00000000fa000000)
 ParOldGen       total 175104K, used 181K [0x00000000e0000000, 0x00000000eab00000, 0x00000000f5580000)
  object space 175104K, 0% used [0x00000000e0000000,0x00000000e002d5c8,0x00000000eab00000)
 Metaspace       used 20412K, capacity 21282K, committed 21296K, reserved 1067008K
  class space    used 2988K, capacity 3187K, committed 3200K, reserved 1048576K
}
Event: 16.688 GC heap before
{Heap before GC invocations=5 (full 1):
 PSYoungGen      total 76288K, used 10255K [0x00000000f5580000, 0x00000000fea80000, 0x0000000100000000)
  eden space 65536K, 0% used [0x00000000f5580000,0x00000000f5580000,0x00000000f9580000)
  from space 10752K, 95% used [0x00000000fa000000,0x00000000faa03d00,0x00000000faa80000)
  to   space 10752K, 0% used [0x00000000f9580000,0x00000000f9580000,0x00000000fa000000)
 ParOldGen       total 175104K, used 181K [0x00000000e0000000, 0x00000000eab00000, 0x00000000f5580000)
  object space 175104K, 0% used [0x00000000e0000000,0x00000000e002d5c8,0x00000000eab00000)
 Metaspace       used 20412K, capacity 21282K, committed 21296K, reserved 1067008K
  class space    used 2988K, capacity 3187K, committed 3200K, reserved 1048576K
Event: 16.744 GC heap after
Heap after GC invocations=5 (full 1):
 PSYoungGen      total 76288K, used 0K [0x00000000f5580000, 0x00000000fea80000, 0x0000000100000000)
  eden space 65536K, 0% used [0x00000000f5580000,0x00000000f5580000,0x00000000f9580000)
  from space 10752K, 0% used [0x00000000fa000000,0x00000000fa000000,0x00000000faa80000)
  to   space 10752K, 0% used [0x00000000f9580000,0x00000000f9580000,0x00000000fa000000)
 ParOldGen       total 175104K, used 10073K [0x00000000e0000000, 0x00000000eab00000, 0x00000000f5580000)
  object space 175104K, 5% used [0x00000000e0000000,0x00000000e09d6488,0x00000000eab00000)
 Metaspace       used 20412K, capacity 21282K, committed 21296K, reserved 1067008K
  class space    used 2988K, capacity 3187K, committed 3200K, reserved 1048576K
}
Event: 17.725 GC heap before
{Heap before GC invocations=6 (full 1):
 PSYoungGen      total 76288K, used 65536K [0x00000000f5580000, 0x00000000fea80000, 0x0000000100000000)
  eden space 65536K, 100% used [0x00000000f5580000,0x00000000f9580000,0x00000000f9580000)
  from space 10752K, 0% used [0x00000000fa000000,0x00000000fa000000,0x00000000faa80000)
  to   space 10752K, 0% used [0x00000000f9580000,0x00000000f9580000,0x00000000fa000000)
 ParOldGen       total 175104K, used 10073K [0x00000000e0000000, 0x00000000eab00000, 0x00000000f5580000)
  object space 175104K, 5% used [0x00000000e0000000,0x00000000e09d6488,0x00000000eab00000)
 Metaspace       used 24340K, capacity 25580K, committed 25728K, reserved 1071104K
  class space    used 3654K, capacity 3942K, committed 3968K, reserved 1048576K
Event: 17.733 GC heap after
Heap after GC invocations=6 (full 1):
 PSYoungGen      total 76288K, used 4992K [0x00000000f5580000, 0x00000000fe000000, 0x0000000100000000)
  eden space 65536K, 0% used [0x00000000f5580000,0x00000000f5580000,0x00000000f9580000)
  from space 10752K, 46% used [0x00000000f9580000,0x00000000f9a601d8,0x00000000fa000000)
  to   space 13312K, 0% used [0x00000000fd300000,0x00000000fd300000,0x00000000fe000000)
 ParOldGen       total 175104K, used 10081K [0x00000000e0000000, 0x00000000eab00000, 0x00000000f5580000)
  object space 175104K, 5% used [0x00000000e0000000,0x00000000e09d8488,0x00000000eab00000)
 Metaspace       used 24340K, capacity 25580K, committed 25728K, reserved 1071104K
  class space    used 3654K, capacity 3942K, committed 3968K, reserved 1048576K
}

