# JRE version: OpenJDK Runtime Environment (8.0_292-b10) (build 1.8.0_292-b10)
# Java VM: OpenJDK 64-Bit Server VM (25.292-b10 mixed mode windows-amd64 compressed oops)
Heap:
 PSYoungGen      total 76288K, used 61531K [0x00000000f5580000, 0x00000000faa80000, 0x0000000100000000)
  eden space 65536K, 86% used [0x00000000f5580000,0x00000000f8ccc570,0x00000000f9580000)
  from space 10752K, 45% used [0x00000000f9580000,0x00000000f9a4a700,0x00000000fa000000)
  to   space 10752K, 0% used [0x00000000fa000000,0x00000000fa000000,0x00000000faa80000)
 ParOldGen       total 175104K, used 9980K [0x00000000e0000000, 0x00000000eab00000, 0x00000000f5580000)
  object space 175104K, 5% used [0x00000000e0000000,0x00000000e09bf2d0,0x00000000eab00000)
 Metaspace       used 32109K, capacity 33578K, committed 33920K, reserved 1079296K
  class space    used 4556K, capacity 4875K, committed 4992K, reserved 1048576K
GC Heap History (10 events):
Event: 13.824 GC heap before
{Heap before GC invocations=2 (full 0):
 PSYoungGen      total 76288K, used 71806K [0x00000000f5580000, 0x00000000faa80000, 0x0000000100000000)
  eden space 65536K, 100% used [0x00000000f5580000,0x00000000f9580000,0x00000000f9580000)
  from space 10752K, 58% used [0x00000000f9580000,0x00000000f9b9fae8,0x00000000fa000000)
  to   space 10752K, 0% used [0x00000000fa000000,0x00000000fa000000,0x00000000faa80000)
 ParOldGen       total 175104K, used 8K [0x00000000e0000000, 0x00000000eab00000, 0x00000000f5580000)
  object space 175104K, 0% used [0x00000000e0000000,0x00000000e0002000,0x00000000eab00000)
 Metaspace       used 13715K, capacity 14246K, committed 14336K, reserved 1060864K
  class space    used 1893K, capacity 2023K, committed 2048K, reserved 1048576K
Event: 13.852 GC heap after
Heap after GC invocations=2 (full 0):
 PSYoungGen      total 76288K, used 9321K [0x00000000f5580000, 0x00000000faa80000, 0x0000000100000000)
  eden space 65536K, 0% used [0x00000000f5580000,0x00000000f5580000,0x00000000f9580000)
  from space 10752K, 86% used [0x00000000fa000000,0x00000000fa91a6b0,0x00000000faa80000)
  to   space 10752K, 0% used [0x00000000f9580000,0x00000000f9580000,0x00000000fa000000)
 ParOldGen       total 175104K, used 16K [0x00000000e0000000, 0x00000000eab00000, 0x00000000f5580000)
  object space 175104K, 0% used [0x00000000e0000000,0x00000000e0004000,0x00000000eab00000)
 Metaspace       used 13715K, capacity 14246K, committed 14336K, reserved 1060864K
  class space    used 1893K, capacity 2023K, committed 2048K, reserved 1048576K
}
Event: 15.474 GC heap before
{Heap before GC invocations=3 (full 0):
 PSYoungGen      total 76288K, used 74857K [0x00000000f5580000, 0x00000000faa80000, 0x0000000100000000)
  eden space 65536K, 100% used [0x00000000f5580000,0x00000000f9580000,0x00000000f9580000)
  from space 10752K, 86% used [0x00000000fa000000,0x00000000fa91a6b0,0x00000000faa80000)
  to   space 10752K, 0% used [0x00000000f9580000,0x00000000f9580000,0x00000000fa000000)
 ParOldGen       total 175104K, used 16K [0x00000000e0000000, 0x00000000eab00000, 0x00000000f5580000)
  object space 175104K, 0% used [0x00000000e0000000,0x00000000e0004020,0x00000000eab00000)
 Metaspace       used 17964K, capacity 18632K, committed 18688K, reserved 1064960K
  class space    used 2593K, capacity 2790K, committed 2816K, reserved 1048576K
Event: 15.501 GC heap after
Heap after GC invocations=3 (full 0):
 PSYoungGen      total 76288K, used 10738K [0x00000000f5580000, 0x00000000faa80000, 0x0000000100000000)
  eden space 65536K, 0% used [0x00000000f5580000,0x00000000f5580000,0x00000000f9580000)
  from space 10752K, 99% used [0x00000000f9580000,0x00000000f9ffcba0,0x00000000fa000000)
  to   space 10752K, 0% used [0x00000000fa000000,0x00000000fa000000,0x00000000faa80000)
 ParOldGen       total 175104K, used 162K [0x00000000e0000000, 0x00000000eab00000, 0x00000000f5580000)
  object space 175104K, 0% used [0x00000000e0000000,0x00000000e0028858,0x00000000eab00000)
 Metaspace       used 17964K, capacity 18632K, committed 18688K, reserved 1064960K
  class space    used 2593K, capacity 2790K, committed 2816K, reserved 1048576K
}
Event: 16.055 GC heap before
{Heap before GC invocations=4 (full 0):
 PSYoungGen      total 76288K, used 45334K [0x00000000f5580000, 0x00000000faa80000, 0x0000000100000000)
  eden space 65536K, 52% used [0x00000000f5580000,0x00000000f7748e68,0x00000000f9580000)
  from space 10752K, 99% used [0x00000000f9580000,0x00000000f9ffcba0,0x00000000fa000000)
  to   space 10752K, 0% used [0x00000000fa000000,0x00000000fa000000,0x00000000faa80000)
 ParOldGen       total 175104K, used 162K [0x00000000e0000000, 0x00000000eab00000, 0x00000000f5580000)
  object space 175104K, 0% used [0x00000000e0000000,0x00000000e0028858,0x00000000eab00000)
 Metaspace       used 20401K, capacity 21282K, committed 21296K, reserved 1067008K
  class space    used 2985K, capacity 3187K, committed 3200K, reserved 1048576K
Event: 16.068 GC heap after
Heap after GC invocations=4 (full 0):
 PSYoungGen      total 76288K, used 10217K [0x00000000f5580000, 0x00000000faa80000, 0x0000000100000000)
  eden space 65536K, 0% used [0x00000000f5580000,0x00000000f5580000,0x00000000f9580000)
  from space 10752K, 95% used [0x00000000fa000000,0x00000000fa9fa7a0,0x00000000faa80000)
  to   space 10752K, 0% used [0x00000000f9580000,0x00000000f9580000,0x00000000fa000000)
 ParOldGen       total 175104K, used 170K [0x00000000e0000000, 0x00000000eab00000, 0x00000000f5580000)
  object space 175104K, 0% used [0x00000000e0000000,0x00000000e002a858,0x00000000eab00000)
 Metaspace       used 20401K, capacity 21282K, committed 21296K, reserved 1067008K
  class space    used 2985K, capacity 3187K, committed 3200K, reserved 1048576K
}
Event: 16.068 GC heap before
{Heap before GC invocations=5 (full 1):
 PSYoungGen      total 76288K, used 10217K [0x00000000f5580000, 0x00000000faa80000, 0x0000000100000000)
  eden space 65536K, 0% used [0x00000000f5580000,0x00000000f5580000,0x00000000f9580000)
  from space 10752K, 95% used [0x00000000fa000000,0x00000000fa9fa7a0,0x00000000faa80000)
  to   space 10752K, 0% used [0x00000000f9580000,0x00000000f9580000,0x00000000fa000000)
 ParOldGen       total 175104K, used 170K [0x00000000e0000000, 0x00000000eab00000, 0x00000000f5580000)
  object space 175104K, 0% used [0x00000000e0000000,0x00000000e002a858,0x00000000eab00000)
 Metaspace       used 20401K, capacity 21282K, committed 21296K, reserved 1067008K
  class space    used 2985K, capacity 3187K, committed 3200K, reserved 1048576K
Event: 16.118 GC heap after
Heap after GC invocations=5 (full 1):
 PSYoungGen      total 76288K, used 0K [0x00000000f5580000, 0x00000000faa80000, 0x0000000100000000)
  eden space 65536K, 0% used [0x00000000f5580000,0x00000000f5580000,0x00000000f9580000)
  from space 10752K, 0% used [0x00000000fa000000,0x00000000fa000000,0x00000000faa80000)
  to   space 10752K, 0% used [0x00000000f9580000,0x00000000f9580000,0x00000000fa000000)
 ParOldGen       total 175104K, used 9956K [0x00000000e0000000, 0x00000000eab00000, 0x00000000f5580000)
  object space 175104K, 5% used [0x00000000e0000000,0x00000000e09b91d0,0x00000000eab00000)
 Metaspace       used 20401K, capacity 21282K, committed 21296K, reserved 1067008K
  class space    used 2985K, capacity 3187K, committed 3200K, reserved 1048576K
}
Event: 17.392 GC heap before
{Heap before GC invocations=6 (full 1):
 PSYoungGen      total 76288K, used 65536K [0x00000000f5580000, 0x00000000faa80000, 0x0000000100000000)
  eden space 65536K, 100% used [0x00000000f5580000,0x00000000f9580000,0x00000000f9580000)
  from space 10752K, 0% used [0x00000000fa000000,0x00000000fa000000,0x00000000faa80000)
  to   space 10752K, 0% used [0x00000000f9580000,0x00000000f9580000,0x00000000fa000000)
 ParOldGen       total 175104K, used 9972K [0x00000000e0000000, 0x00000000eab00000, 0x00000000f5580000)
  object space 175104K, 5% used [0x00000000e0000000,0x00000000e09bd2d0,0x00000000eab00000)
 Metaspace       used 24367K, capacity 25574K, committed 25728K, reserved 1071104K
  class space    used 3648K, capacity 3941K, committed 3968K, reserved 1048576K
Event: 17.397 GC heap after
Heap after GC invocations=6 (full 1):
 PSYoungGen      total 76288K, used 4905K [0x00000000f5580000, 0x00000000faa80000, 0x0000000100000000)
  eden space 65536K, 0% used [0x00000000f5580000,0x00000000f5580000,0x00000000f9580000)
  from space 10752K, 45% used [0x00000000f9580000,0x00000000f9a4a700,0x00000000fa000000)
  to   space 10752K, 0% used [0x00000000fa000000,0x00000000fa000000,0x00000000faa80000)
 ParOldGen       total 175104K, used 9980K [0x00000000e0000000, 0x00000000eab00000, 0x00000000f5580000)
  object space 175104K, 5% used [0x00000000e0000000,0x00000000e09bf2d0,0x00000000eab00000)
 Metaspace       used 24367K, capacity 25574K, committed 25728K, reserved 1071104K
  class space    used 3648K, capacity 3941K, committed 3968K, reserved 1048576K
}

